<?xml version="1.0" encoding="UTF-8"?>
<!-- Generated by org.testng.reporters.JUnitXMLReporter -->
<testsuite hostname="fai01" ignored="0" name="Default test" tests="3" failures="0" timestamp="10 Nov 2017 08:33:17 GMT" time="0.621" errors="0">
  <testcase name="biggestWord" time="0.01" classname="TestClass.ValidationTest"/>
  <testcase name="unitTesting1" time="0.541" classname="TestClass.ValidationTest"/>
  <testcase name="unitTesting2" time="0.041" classname="TestClass.ValidationTest"/>
</testsuite> <!-- Default test -->
