<?xml version="1.0" encoding="UTF-8"?>
<!-- Generated by org.testng.reporters.JUnitXMLReporter -->
<testsuite hostname="fai01" ignored="0" name="Default test" tests="3" failures="0" timestamp="10 Nov 2017 15:57:52 GMT" time="0.597" errors="0">
  <testcase name="biggestWord" time="0.012" classname="TestClass.ValidationTest"/>
  <testcase name="unitTesting1" time="0.519" classname="TestClass.ValidationTest"/>
  <testcase name="unitTesting2" time="0.04" classname="TestClass.ValidationTest"/>
</testsuite> <!-- Default test -->
