<?xml version="1.0" encoding="UTF-8"?>
<testng-results skipped="0" failed="0" ignored="0" total="3" passed="3">
  <reporter-output>
  </reporter-output>
  <suite name="Default suite" duration-ms="597" started-at="2017-11-10T15:57:52Z" finished-at="2017-11-10T15:57:52Z">
    <groups>
    </groups>
    <test name="Default test" duration-ms="597" started-at="2017-11-10T15:57:52Z" finished-at="2017-11-10T15:57:52Z">
      <class name="TestClass.ValidationTest">
        <test-method status="PASS" signature="biggestWord()[pri:0, instance:TestClass.ValidationTest@100fc185]" name="biggestWord" duration-ms="12" started-at="2017-11-10T10:57:52Z" finished-at="2017-11-10T10:57:52Z">
          <reporter-output>
          </reporter-output>
        </test-method> <!-- biggestWord -->
        <test-method status="PASS" signature="unitTesting1()[pri:1, instance:TestClass.ValidationTest@100fc185]" name="unitTesting1" duration-ms="519" started-at="2017-11-10T10:57:52Z" finished-at="2017-11-10T10:57:52Z">
          <reporter-output>
          </reporter-output>
        </test-method> <!-- unitTesting1 -->
        <test-method status="PASS" signature="unitTesting2()[pri:2, instance:TestClass.ValidationTest@100fc185]" name="unitTesting2" duration-ms="40" started-at="2017-11-10T10:57:52Z" finished-at="2017-11-10T10:57:52Z">
          <reporter-output>
          </reporter-output>
        </test-method> <!-- unitTesting2 -->
      </class> <!-- TestClass.ValidationTest -->
    </test> <!-- Default test -->
  </suite> <!-- Default suite -->
</testng-results>
