<?xml version="1.0" encoding="UTF-8"?>
<testng-results skipped="0" failed="0" ignored="0" total="3" passed="3">
  <reporter-output>
  </reporter-output>
  <suite name="Default suite" duration-ms="724" started-at="2017-11-11T01:46:48Z" finished-at="2017-11-11T01:46:49Z">
    <groups>
    </groups>
    <test name="Default test" duration-ms="724" started-at="2017-11-11T01:46:48Z" finished-at="2017-11-11T01:46:49Z">
      <class name="TestClass.ValidationTest">
        <test-method status="PASS" signature="biggestWord()[pri:0, instance:TestClass.ValidationTest@100fc185]" name="biggestWord" duration-ms="11" started-at="2017-11-10T20:46:48Z" finished-at="2017-11-10T20:46:48Z">
          <reporter-output>
          </reporter-output>
        </test-method> <!-- biggestWord -->
        <test-method status="PASS" signature="unitTesting1()[pri:1, instance:TestClass.ValidationTest@100fc185]" name="unitTesting1" duration-ms="648" started-at="2017-11-10T20:46:48Z" finished-at="2017-11-10T20:46:49Z">
          <reporter-output>
          </reporter-output>
        </test-method> <!-- unitTesting1 -->
        <test-method status="PASS" signature="unitTesting2()[pri:2, instance:TestClass.ValidationTest@100fc185]" name="unitTesting2" duration-ms="39" started-at="2017-11-10T20:46:49Z" finished-at="2017-11-10T20:46:49Z">
          <reporter-output>
          </reporter-output>
        </test-method> <!-- unitTesting2 -->
      </class> <!-- TestClass.ValidationTest -->
    </test> <!-- Default test -->
  </suite> <!-- Default suite -->
</testng-results>
